<?xml version="1.0" encoding="UTF-8"?>
<testsuite xmlns:xsi="http://www.w3.org/2001/XMLSchema-instance" xsi:noNamespaceSchemaLocation="https://maven.apache.org/surefire/maven-surefire-plugin/xsd/surefire-test-report.xsd" name="guru.sfg.beer.inventory.service.BeerInventoryApplicationTests" time="11.414" tests="1" errors="0" skipped="0" failures="0">
  <properties>
    <property name="gopherProxySet" value="false"/>
    <property name="awt.toolkit" value="sun.lwawt.macosx.LWCToolkit"/>
    <property name="java.specification.version" value="11"/>
    <property name="sun.cpu.isalist" value=""/>
    <property name="sun.jnu.encoding" value="UTF-8"/>
    <property name="java.class.path" value="/Users/mostafa.rastegar/Desktop/Narges/Mssc-brewery-ws/mssc-beer-inventory-service/target/test-classes:/Users/mostafa.rastegar/Desktop/Narges/Mssc-brewery-ws/mssc-beer-inventory-service/target/classes:/Users/mostafa.rastegar/.m2/repository/org/springframework/boot/spring-boot-starter-artemis/2.3.8.RELEASE/spring-boot-starter-artemis-2.3.8.RELEASE.jar:/Users/mostafa.rastegar/.m2/repository/org/springframework/boot/spring-boot-starter/2.3.8.RELEASE/spring-boot-starter-2.3.8.RELEASE.jar:/Users/mostafa.rastegar/.m2/repository/org/springframework/boot/spring-boot-starter-logging/2.3.8.RELEASE/spring-boot-starter-logging-2.3.8.RELEASE.jar:/Users/mostafa.rastegar/.m2/repository/ch/qos/logback/logback-classic/1.2.3/logback-classic-1.2.3.jar:/Users/mostafa.rastegar/.m2/repository/ch/qos/logback/logback-core/1.2.3/logback-core-1.2.3.jar:/Users/mostafa.rastegar/.m2/repository/org/apache/logging/log4j/log4j-to-slf4j/2.13.3/log4j-to-slf4j-2.13.3.jar:/Users/mostafa.rastegar/.m2/repository/org/apache/logging/log4j/log4j-api/2.13.3/log4j-api-2.13.3.jar:/Users/mostafa.rastegar/.m2/repository/org/slf4j/jul-to-slf4j/1.7.30/jul-to-slf4j-1.7.30.jar:/Users/mostafa.rastegar/.m2/repository/jakarta/annotation/jakarta.annotation-api/1.3.5/jakarta.annotation-api-1.3.5.jar:/Users/mostafa.rastegar/.m2/repository/org/yaml/snakeyaml/1.26/snakeyaml-1.26.jar:/Users/mostafa.rastegar/.m2/repository/jakarta/jms/jakarta.jms-api/2.0.3/jakarta.jms-api-2.0.3.jar:/Users/mostafa.rastegar/.m2/repository/jakarta/json/jakarta.json-api/1.1.6/jakarta.json-api-1.1.6.jar:/Users/mostafa.rastegar/.m2/repository/org/springframework/spring-jms/5.2.12.RELEASE/spring-jms-5.2.12.RELEASE.jar:/Users/mostafa.rastegar/.m2/repository/org/springframework/spring-beans/5.2.12.RELEASE/spring-beans-5.2.12.RELEASE.jar:/Users/mostafa.rastegar/.m2/repository/org/springframework/spring-messaging/5.2.12.RELEASE/spring-messaging-5.2.12.RELEASE.jar:/Users/mostafa.rastegar/.m2/repository/org/springframework/spring-tx/5.2.12.RELEASE/spring-tx-5.2.12.RELEASE.jar:/Users/mostafa.rastegar/.m2/repository/org/apache/activemq/artemis-jms-client/2.12.0/artemis-jms-client-2.12.0.jar:/Users/mostafa.rastegar/.m2/repository/org/apache/activemq/artemis-core-client/2.12.0/artemis-core-client-2.12.0.jar:/Users/mostafa.rastegar/.m2/repository/org/jgroups/jgroups/3.6.13.Final/jgroups-3.6.13.Final.jar:/Users/mostafa.rastegar/.m2/repository/org/apache/johnzon/johnzon-core/1.2.9/johnzon-core-1.2.9.jar:/Users/mostafa.rastegar/.m2/repository/io/netty/netty-transport-native-epoll/4.1.58.Final/netty-transport-native-epoll-4.1.58.Final-linux-x86_64.jar:/Users/mostafa.rastegar/.m2/repository/io/netty/netty-transport-native-unix-common/4.1.58.Final/netty-transport-native-unix-common-4.1.58.Final.jar:/Users/mostafa.rastegar/.m2/repository/io/netty/netty-transport-native-kqueue/4.1.58.Final/netty-transport-native-kqueue-4.1.58.Final-osx-x86_64.jar:/Users/mostafa.rastegar/.m2/repository/io/netty/netty-codec-http/4.1.58.Final/netty-codec-http-4.1.58.Final.jar:/Users/mostafa.rastegar/.m2/repository/io/netty/netty-buffer/4.1.58.Final/netty-buffer-4.1.58.Final.jar:/Users/mostafa.rastegar/.m2/repository/io/netty/netty-transport/4.1.58.Final/netty-transport-4.1.58.Final.jar:/Users/mostafa.rastegar/.m2/repository/io/netty/netty-resolver/4.1.58.Final/netty-resolver-4.1.58.Final.jar:/Users/mostafa.rastegar/.m2/repository/io/netty/netty-handler/4.1.58.Final/netty-handler-4.1.58.Final.jar:/Users/mostafa.rastegar/.m2/repository/io/netty/netty-handler-proxy/4.1.58.Final/netty-handler-proxy-4.1.58.Final.jar:/Users/mostafa.rastegar/.m2/repository/io/netty/netty-codec/4.1.58.Final/netty-codec-4.1.58.Final.jar:/Users/mostafa.rastegar/.m2/repository/io/netty/netty-codec-socks/4.1.58.Final/netty-codec-socks-4.1.58.Final.jar:/Users/mostafa.rastegar/.m2/repository/io/netty/netty-common/4.1.58.Final/netty-common-4.1.58.Final.jar:/Users/mostafa.rastegar/.m2/repository/org/apache/activemq/artemis-commons/2.12.0/artemis-commons-2.12.0.jar:/Users/mostafa.rastegar/.m2/repository/commons-beanutils/commons-beanutils/1.9.4/commons-beanutils-1.9.4.jar:/Users/mostafa.rastegar/.m2/repository/org/apache/activemq/artemis-selector/2.12.0/artemis-selector-2.12.0.jar:/Users/mostafa.rastegar/.m2/repository/org/springframework/boot/spring-boot-starter-actuator/2.3.8.RELEASE/spring-boot-starter-actuator-2.3.8.RELEASE.jar:/Users/mostafa.rastegar/.m2/repository/org/springframework/boot/spring-boot-actuator-autoconfigure/2.3.8.RELEASE/spring-boot-actuator-autoconfigure-2.3.8.RELEASE.jar:/Users/mostafa.rastegar/.m2/repository/org/springframework/boot/spring-boot-actuator/2.3.8.RELEASE/spring-boot-actuator-2.3.8.RELEASE.jar:/Users/mostafa.rastegar/.m2/repository/com/fasterxml/jackson/datatype/jackson-datatype-jsr310/2.11.4/jackson-datatype-jsr310-2.11.4.jar:/Users/mostafa.rastegar/.m2/repository/io/micrometer/micrometer-core/1.5.10/micrometer-core-1.5.10.jar:/Users/mostafa.rastegar/.m2/repository/org/hdrhistogram/HdrHistogram/2.1.12/HdrHistogram-2.1.12.jar:/Users/mostafa.rastegar/.m2/repository/org/latencyutils/LatencyUtils/2.0.3/LatencyUtils-2.0.3.jar:/Users/mostafa.rastegar/.m2/repository/org/springframework/boot/spring-boot-starter-validation/2.3.8.RELEASE/spring-boot-starter-validation-2.3.8.RELEASE.jar:/Users/mostafa.rastegar/.m2/repository/org/glassfish/jakarta.el/3.0.3/jakarta.el-3.0.3.jar:/Users/mostafa.rastegar/.m2/repository/org/hibernate/validator/hibernate-validator/6.1.7.Final/hibernate-validator-6.1.7.Final.jar:/Users/mostafa.rastegar/.m2/repository/jakarta/validation/jakarta.validation-api/2.0.2/jakarta.validation-api-2.0.2.jar:/Users/mostafa.rastegar/.m2/repository/org/jboss/logging/jboss-logging/3.4.1.Final/jboss-logging-3.4.1.Final.jar:/Users/mostafa.rastegar/.m2/repository/com/fasterxml/classmate/1.5.1/classmate-1.5.1.jar:/Users/mostafa.rastegar/.m2/repository/org/springframework/boot/spring-boot-starter-data-jpa/2.3.8.RELEASE/spring-boot-starter-data-jpa-2.3.8.RELEASE.jar:/Users/mostafa.rastegar/.m2/repository/org/springframework/boot/spring-boot-starter-aop/2.3.8.RELEASE/spring-boot-starter-aop-2.3.8.RELEASE.jar:/Users/mostafa.rastegar/.m2/repository/org/springframework/spring-aop/5.2.12.RELEASE/spring-aop-5.2.12.RELEASE.jar:/Users/mostafa.rastegar/.m2/repository/org/aspectj/aspectjweaver/1.9.6/aspectjweaver-1.9.6.jar:/Users/mostafa.rastegar/.m2/repository/org/springframework/boot/spring-boot-starter-jdbc/2.3.8.RELEASE/spring-boot-starter-jdbc-2.3.8.RELEASE.jar:/Users/mostafa.rastegar/.m2/repository/com/zaxxer/HikariCP/3.4.5/HikariCP-3.4.5.jar:/Users/mostafa.rastegar/.m2/repository/org/springframework/spring-jdbc/5.2.12.RELEASE/spring-jdbc-5.2.12.RELEASE.jar:/Users/mostafa.rastegar/.m2/repository/jakarta/transaction/jakarta.transaction-api/1.3.3/jakarta.transaction-api-1.3.3.jar:/Users/mostafa.rastegar/.m2/repository/jakarta/persistence/jakarta.persistence-api/2.2.3/jakarta.persistence-api-2.2.3.jar:/Users/mostafa.rastegar/.m2/repository/org/hibernate/hibernate-core/5.4.27.Final/hibernate-core-5.4.27.Final.jar:/Users/mostafa.rastegar/.m2/repository/org/javassist/javassist/3.27.0-GA/javassist-3.27.0-GA.jar:/Users/mostafa.rastegar/.m2/repository/net/bytebuddy/byte-buddy/1.10.19/byte-buddy-1.10.19.jar:/Users/mostafa.rastegar/.m2/repository/antlr/antlr/2.7.7/antlr-2.7.7.jar:/Users/mostafa.rastegar/.m2/repository/org/jboss/jandex/2.1.3.Final/jandex-2.1.3.Final.jar:/Users/mostafa.rastegar/.m2/repository/org/dom4j/dom4j/2.1.3/dom4j-2.1.3.jar:/Users/mostafa.rastegar/.m2/repository/org/hibernate/common/hibernate-commons-annotations/5.1.2.Final/hibernate-commons-annotations-5.1.2.Final.jar:/Users/mostafa.rastegar/.m2/repository/org/glassfish/jaxb/jaxb-runtime/2.3.3/jaxb-runtime-2.3.3.jar:/Users/mostafa.rastegar/.m2/repository/org/glassfish/jaxb/txw2/2.3.3/txw2-2.3.3.jar:/Users/mostafa.rastegar/.m2/repository/com/sun/istack/istack-commons-runtime/3.0.11/istack-commons-runtime-3.0.11.jar:/Users/mostafa.rastegar/.m2/repository/com/sun/activation/jakarta.activation/1.2.2/jakarta.activation-1.2.2.jar:/Users/mostafa.rastegar/.m2/repository/org/springframework/data/spring-data-jpa/2.3.6.RELEASE/spring-data-jpa-2.3.6.RELEASE.jar:/Users/mostafa.rastegar/.m2/repository/org/springframework/data/spring-data-commons/2.3.6.RELEASE/spring-data-commons-2.3.6.RELEASE.jar:/Users/mostafa.rastegar/.m2/repository/org/springframework/spring-orm/5.2.12.RELEASE/spring-orm-5.2.12.RELEASE.jar:/Users/mostafa.rastegar/.m2/repository/org/springframework/spring-context/5.2.12.RELEASE/spring-context-5.2.12.RELEASE.jar:/Users/mostafa.rastegar/.m2/repository/org/slf4j/slf4j-api/1.7.30/slf4j-api-1.7.30.jar:/Users/mostafa.rastegar/.m2/repository/org/springframework/spring-aspects/5.2.12.RELEASE/spring-aspects-5.2.12.RELEASE.jar:/Users/mostafa.rastegar/.m2/repository/com/h2database/h2/1.4.200/h2-1.4.200.jar:/Users/mostafa.rastegar/.m2/repository/mysql/mysql-connector-java/8.0.22/mysql-connector-java-8.0.22.jar:/Users/mostafa.rastegar/.m2/repository/org/springframework/boot/spring-boot-starter-web/2.3.8.RELEASE/spring-boot-starter-web-2.3.8.RELEASE.jar:/Users/mostafa.rastegar/.m2/repository/org/springframework/boot/spring-boot-starter-json/2.3.8.RELEASE/spring-boot-starter-json-2.3.8.RELEASE.jar:/Users/mostafa.rastegar/.m2/repository/com/fasterxml/jackson/datatype/jackson-datatype-jdk8/2.11.4/jackson-datatype-jdk8-2.11.4.jar:/Users/mostafa.rastegar/.m2/repository/com/fasterxml/jackson/module/jackson-module-parameter-names/2.11.4/jackson-module-parameter-names-2.11.4.jar:/Users/mostafa.rastegar/.m2/repository/org/springframework/boot/spring-boot-starter-tomcat/2.3.8.RELEASE/spring-boot-starter-tomcat-2.3.8.RELEASE.jar:/Users/mostafa.rastegar/.m2/repository/org/apache/tomcat/embed/tomcat-embed-core/9.0.41/tomcat-embed-core-9.0.41.jar:/Users/mostafa.rastegar/.m2/repository/org/apache/tomcat/embed/tomcat-embed-websocket/9.0.41/tomcat-embed-websocket-9.0.41.jar:/Users/mostafa.rastegar/.m2/repository/org/springframework/spring-web/5.2.12.RELEASE/spring-web-5.2.12.RELEASE.jar:/Users/mostafa.rastegar/.m2/repository/org/springframework/spring-webmvc/5.2.12.RELEASE/spring-webmvc-5.2.12.RELEASE.jar:/Users/mostafa.rastegar/.m2/repository/org/springframework/spring-expression/5.2.12.RELEASE/spring-expression-5.2.12.RELEASE.jar:/Users/mostafa.rastegar/.m2/repository/org/springframework/boot/spring-boot-devtools/2.3.8.RELEASE/spring-boot-devtools-2.3.8.RELEASE.jar:/Users/mostafa.rastegar/.m2/repository/org/springframework/boot/spring-boot/2.3.8.RELEASE/spring-boot-2.3.8.RELEASE.jar:/Users/mostafa.rastegar/.m2/repository/org/springframework/boot/spring-boot-autoconfigure/2.3.8.RELEASE/spring-boot-autoconfigure-2.3.8.RELEASE.jar:/Users/mostafa.rastegar/.m2/repository/org/projectlombok/lombok/1.18.16/lombok-1.18.16.jar:/Users/mostafa.rastegar/.m2/repository/org/mapstruct/mapstruct/1.4.1.Final/mapstruct-1.4.1.Final.jar:/Users/mostafa.rastegar/.m2/repository/org/springframework/boot/spring-boot-starter-test/2.3.8.RELEASE/spring-boot-starter-test-2.3.8.RELEASE.jar:/Users/mostafa.rastegar/.m2/repository/org/springframework/boot/spring-boot-test/2.3.8.RELEASE/spring-boot-test-2.3.8.RELEASE.jar:/Users/mostafa.rastegar/.m2/repository/org/springframework/boot/spring-boot-test-autoconfigure/2.3.8.RELEASE/spring-boot-test-autoconfigure-2.3.8.RELEASE.jar:/Users/mostafa.rastegar/.m2/repository/com/jayway/jsonpath/json-path/2.4.0/json-path-2.4.0.jar:/Users/mostafa.rastegar/.m2/repository/net/minidev/json-smart/2.3/json-smart-2.3.jar:/Users/mostafa.rastegar/.m2/repository/net/minidev/accessors-smart/1.2/accessors-smart-1.2.jar:/Users/mostafa.rastegar/.m2/repository/org/ow2/asm/asm/5.0.4/asm-5.0.4.jar:/Users/mostafa.rastegar/.m2/repository/jakarta/xml/bind/jakarta.xml.bind-api/2.3.3/jakarta.xml.bind-api-2.3.3.jar:/Users/mostafa.rastegar/.m2/repository/jakarta/activation/jakarta.activation-api/1.2.2/jakarta.activation-api-1.2.2.jar:/Users/mostafa.rastegar/.m2/repository/org/assertj/assertj-core/3.16.1/assertj-core-3.16.1.jar:/Users/mostafa.rastegar/.m2/repository/org/hamcrest/hamcrest/2.2/hamcrest-2.2.jar:/Users/mostafa.rastegar/.m2/repository/org/junit/jupiter/junit-jupiter/5.6.3/junit-jupiter-5.6.3.jar:/Users/mostafa.rastegar/.m2/repository/org/junit/jupiter/junit-jupiter-api/5.6.3/junit-jupiter-api-5.6.3.jar:/Users/mostafa.rastegar/.m2/repository/org/apiguardian/apiguardian-api/1.1.0/apiguardian-api-1.1.0.jar:/Users/mostafa.rastegar/.m2/repository/org/opentest4j/opentest4j/1.2.0/opentest4j-1.2.0.jar:/Users/mostafa.rastegar/.m2/repository/org/junit/platform/junit-platform-commons/1.6.3/junit-platform-commons-1.6.3.jar:/Users/mostafa.rastegar/.m2/repository/org/junit/jupiter/junit-jupiter-params/5.6.3/junit-jupiter-params-5.6.3.jar:/Users/mostafa.rastegar/.m2/repository/org/junit/jupiter/junit-jupiter-engine/5.6.3/junit-jupiter-engine-5.6.3.jar:/Users/mostafa.rastegar/.m2/repository/org/junit/platform/junit-platform-engine/1.6.3/junit-platform-engine-1.6.3.jar:/Users/mostafa.rastegar/.m2/repository/org/mockito/mockito-core/3.3.3/mockito-core-3.3.3.jar:/Users/mostafa.rastegar/.m2/repository/net/bytebuddy/byte-buddy-agent/1.10.19/byte-buddy-agent-1.10.19.jar:/Users/mostafa.rastegar/.m2/repository/org/objenesis/objenesis/2.6/objenesis-2.6.jar:/Users/mostafa.rastegar/.m2/repository/org/mockito/mockito-junit-jupiter/3.3.3/mockito-junit-jupiter-3.3.3.jar:/Users/mostafa.rastegar/.m2/repository/org/skyscreamer/jsonassert/1.5.0/jsonassert-1.5.0.jar:/Users/mostafa.rastegar/.m2/repository/com/vaadin/external/google/android-json/0.0.20131108.vaadin1/android-json-0.0.20131108.vaadin1.jar:/Users/mostafa.rastegar/.m2/repository/org/springframework/spring-core/5.2.12.RELEASE/spring-core-5.2.12.RELEASE.jar:/Users/mostafa.rastegar/.m2/repository/org/springframework/spring-jcl/5.2.12.RELEASE/spring-jcl-5.2.12.RELEASE.jar:/Users/mostafa.rastegar/.m2/repository/org/springframework/spring-test/5.2.12.RELEASE/spring-test-5.2.12.RELEASE.jar:/Users/mostafa.rastegar/.m2/repository/org/xmlunit/xmlunit-core/2.7.0/xmlunit-core-2.7.0.jar:/Users/mostafa.rastegar/.m2/repository/org/springframework/cloud/spring-cloud-starter-netflix-eureka-client/2.2.6.RELEASE/spring-cloud-starter-netflix-eureka-client-2.2.6.RELEASE.jar:/Users/mostafa.rastegar/.m2/repository/org/springframework/cloud/spring-cloud-starter/2.2.6.RELEASE/spring-cloud-starter-2.2.6.RELEASE.jar:/Users/mostafa.rastegar/.m2/repository/org/springframework/cloud/spring-cloud-context/2.2.6.RELEASE/spring-cloud-context-2.2.6.RELEASE.jar:/Users/mostafa.rastegar/.m2/repository/org/springframework/security/spring-security-crypto/5.3.6.RELEASE/spring-security-crypto-5.3.6.RELEASE.jar:/Users/mostafa.rastegar/.m2/repository/org/springframework/cloud/spring-cloud-commons/2.2.6.RELEASE/spring-cloud-commons-2.2.6.RELEASE.jar:/Users/mostafa.rastegar/.m2/repository/org/springframework/security/spring-security-rsa/1.0.9.RELEASE/spring-security-rsa-1.0.9.RELEASE.jar:/Users/mostafa.rastegar/.m2/repository/org/bouncycastle/bcpkix-jdk15on/1.64/bcpkix-jdk15on-1.64.jar:/Users/mostafa.rastegar/.m2/repository/org/bouncycastle/bcprov-jdk15on/1.64/bcprov-jdk15on-1.64.jar:/Users/mostafa.rastegar/.m2/repository/org/springframework/cloud/spring-cloud-netflix-hystrix/2.2.6.RELEASE/spring-cloud-netflix-hystrix-2.2.6.RELEASE.jar:/Users/mostafa.rastegar/.m2/repository/org/springframework/cloud/spring-cloud-netflix-eureka-client/2.2.6.RELEASE/spring-cloud-netflix-eureka-client-2.2.6.RELEASE.jar:/Users/mostafa.rastegar/.m2/repository/com/netflix/eureka/eureka-client/1.10.7/eureka-client-1.10.7.jar:/Users/mostafa.rastegar/.m2/repository/com/netflix/netflix-commons/netflix-eventbus/0.3.0/netflix-eventbus-0.3.0.jar:/Users/mostafa.rastegar/.m2/repository/com/netflix/netflix-commons/netflix-infix/0.3.0/netflix-infix-0.3.0.jar:/Users/mostafa.rastegar/.m2/repository/commons-jxpath/commons-jxpath/1.3/commons-jxpath-1.3.jar:/Users/mostafa.rastegar/.m2/repository/joda-time/joda-time/2.3/joda-time-2.3.jar:/Users/mostafa.rastegar/.m2/repository/org/antlr/antlr-runtime/3.4/antlr-runtime-3.4.jar:/Users/mostafa.rastegar/.m2/repository/org/antlr/stringtemplate/3.2.1/stringtemplate-3.2.1.jar:/Users/mostafa.rastegar/.m2/repository/com/google/code/gson/gson/2.8.6/gson-2.8.6.jar:/Users/mostafa.rastegar/.m2/repository/org/apache/commons/commons-math/2.2/commons-math-2.2.jar:/Users/mostafa.rastegar/.m2/repository/com/netflix/archaius/archaius-core/0.7.6/archaius-core-0.7.6.jar:/Users/mostafa.rastegar/.m2/repository/com/google/guava/guava/29.0-jre/guava-29.0-jre.jar:/Users/mostafa.rastegar/.m2/repository/com/google/guava/failureaccess/1.0.1/failureaccess-1.0.1.jar:/Users/mostafa.rastegar/.m2/repository/com/google/guava/listenablefuture/9999.0-empty-to-avoid-conflict-with-guava/listenablefuture-9999.0-empty-to-avoid-conflict-with-guava.jar:/Users/mostafa.rastegar/.m2/repository/org/checkerframework/checker-qual/2.11.1/checker-qual-2.11.1.jar:/Users/mostafa.rastegar/.m2/repository/com/google/errorprone/error_prone_annotations/2.3.4/error_prone_annotations-2.3.4.jar:/Users/mostafa.rastegar/.m2/repository/com/google/j2objc/j2objc-annotations/1.3/j2objc-annotations-1.3.jar:/Users/mostafa.rastegar/.m2/repository/javax/ws/rs/jsr311-api/1.1.1/jsr311-api-1.1.1.jar:/Users/mostafa.rastegar/.m2/repository/com/netflix/servo/servo-core/0.12.21/servo-core-0.12.21.jar:/Users/mostafa.rastegar/.m2/repository/com/sun/jersey/jersey-core/1.19.1/jersey-core-1.19.1.jar:/Users/mostafa.rastegar/.m2/repository/com/sun/jersey/jersey-client/1.19.1/jersey-client-1.19.1.jar:/Users/mostafa.rastegar/.m2/repository/com/sun/jersey/contribs/jersey-apache-client4/1.19.1/jersey-apache-client4-1.19.1.jar:/Users/mostafa.rastegar/.m2/repository/org/apache/httpcomponents/httpclient/4.5.13/httpclient-4.5.13.jar:/Users/mostafa.rastegar/.m2/repository/org/apache/httpcomponents/httpcore/4.4.14/httpcore-4.4.14.jar:/Users/mostafa.rastegar/.m2/repository/commons-codec/commons-codec/1.14/commons-codec-1.14.jar:/Users/mostafa.rastegar/.m2/repository/commons-configuration/commons-configuration/1.10/commons-configuration-1.10.jar:/Users/mostafa.rastegar/.m2/repository/commons-lang/commons-lang/2.6/commons-lang-2.6.jar:/Users/mostafa.rastegar/.m2/repository/com/google/inject/guice/4.1.0/guice-4.1.0.jar:/Users/mostafa.rastegar/.m2/repository/javax/inject/javax.inject/1/javax.inject-1.jar:/Users/mostafa.rastegar/.m2/repository/aopalliance/aopalliance/1.0/aopalliance-1.0.jar:/Users/mostafa.rastegar/.m2/repository/com/fasterxml/jackson/core/jackson-annotations/2.11.4/jackson-annotations-2.11.4.jar:/Users/mostafa.rastegar/.m2/repository/com/fasterxml/jackson/core/jackson-core/2.11.4/jackson-core-2.11.4.jar:/Users/mostafa.rastegar/.m2/repository/org/codehaus/jettison/jettison/1.3.7/jettison-1.3.7.jar:/Users/mostafa.rastegar/.m2/repository/stax/stax-api/1.0.1/stax-api-1.0.1.jar:/Users/mostafa.rastegar/.m2/repository/com/netflix/eureka/eureka-core/1.10.7/eureka-core-1.10.7.jar:/Users/mostafa.rastegar/.m2/repository/com/fasterxml/woodstox/woodstox-core/5.3.0/woodstox-core-5.3.0.jar:/Users/mostafa.rastegar/.m2/repository/org/codehaus/woodstox/stax2-api/4.2/stax2-api-4.2.jar:/Users/mostafa.rastegar/.m2/repository/org/springframework/cloud/spring-cloud-starter-netflix-archaius/2.2.6.RELEASE/spring-cloud-starter-netflix-archaius-2.2.6.RELEASE.jar:/Users/mostafa.rastegar/.m2/repository/org/springframework/cloud/spring-cloud-netflix-ribbon/2.2.6.RELEASE/spring-cloud-netflix-ribbon-2.2.6.RELEASE.jar:/Users/mostafa.rastegar/.m2/repository/org/springframework/cloud/spring-cloud-netflix-archaius/2.2.6.RELEASE/spring-cloud-netflix-archaius-2.2.6.RELEASE.jar:/Users/mostafa.rastegar/.m2/repository/org/springframework/cloud/spring-cloud-starter-netflix-ribbon/2.2.6.RELEASE/spring-cloud-starter-netflix-ribbon-2.2.6.RELEASE.jar:/Users/mostafa.rastegar/.m2/repository/com/netflix/ribbon/ribbon/2.3.0/ribbon-2.3.0.jar:/Users/mostafa.rastegar/.m2/repository/com/netflix/ribbon/ribbon-transport/2.3.0/ribbon-transport-2.3.0.jar:/Users/mostafa.rastegar/.m2/repository/io/reactivex/rxnetty-contexts/0.4.9/rxnetty-contexts-0.4.9.jar:/Users/mostafa.rastegar/.m2/repository/io/reactivex/rxnetty-servo/0.4.9/rxnetty-servo-0.4.9.jar:/Users/mostafa.rastegar/.m2/repository/com/netflix/hystrix/hystrix-core/1.5.18/hystrix-core-1.5.18.jar:/Users/mostafa.rastegar/.m2/repository/io/reactivex/rxnetty/0.4.9/rxnetty-0.4.9.jar:/Users/mostafa.rastegar/.m2/repository/com/netflix/ribbon/ribbon-core/2.3.0/ribbon-core-2.3.0.jar:/Users/mostafa.rastegar/.m2/repository/com/netflix/ribbon/ribbon-httpclient/2.3.0/ribbon-httpclient-2.3.0.jar:/Users/mostafa.rastegar/.m2/repository/commons-collections/commons-collections/3.2.2/commons-collections-3.2.2.jar:/Users/mostafa.rastegar/.m2/repository/com/netflix/netflix-commons/netflix-commons-util/0.3.0/netflix-commons-util-0.3.0.jar:/Users/mostafa.rastegar/.m2/repository/com/netflix/ribbon/ribbon-loadbalancer/2.3.0/ribbon-loadbalancer-2.3.0.jar:/Users/mostafa.rastegar/.m2/repository/com/netflix/netflix-commons/netflix-statistics/0.1.1/netflix-statistics-0.1.1.jar:/Users/mostafa.rastegar/.m2/repository/io/reactivex/rxjava/1.3.8/rxjava-1.3.8.jar:/Users/mostafa.rastegar/.m2/repository/org/springframework/cloud/spring-cloud-starter-loadbalancer/2.2.6.RELEASE/spring-cloud-starter-loadbalancer-2.2.6.RELEASE.jar:/Users/mostafa.rastegar/.m2/repository/org/springframework/cloud/spring-cloud-loadbalancer/2.2.6.RELEASE/spring-cloud-loadbalancer-2.2.6.RELEASE.jar:/Users/mostafa.rastegar/.m2/repository/io/projectreactor/reactor-core/3.3.13.RELEASE/reactor-core-3.3.13.RELEASE.jar:/Users/mostafa.rastegar/.m2/repository/org/reactivestreams/reactive-streams/1.0.3/reactive-streams-1.0.3.jar:/Users/mostafa.rastegar/.m2/repository/io/projectreactor/addons/reactor-extra/3.3.5.RELEASE/reactor-extra-3.3.5.RELEASE.jar:/Users/mostafa.rastegar/.m2/repository/org/springframework/boot/spring-boot-starter-cache/2.3.8.RELEASE/spring-boot-starter-cache-2.3.8.RELEASE.jar:/Users/mostafa.rastegar/.m2/repository/org/springframework/spring-context-support/5.2.12.RELEASE/spring-context-support-5.2.12.RELEASE.jar:/Users/mostafa.rastegar/.m2/repository/com/stoyanr/evictor/1.0.0/evictor-1.0.0.jar:/Users/mostafa.rastegar/.m2/repository/com/netflix/ribbon/ribbon-eureka/2.3.0/ribbon-eureka-2.3.0.jar:/Users/mostafa.rastegar/.m2/repository/com/thoughtworks/xstream/xstream/1.4.13/xstream-1.4.13.jar:/Users/mostafa.rastegar/.m2/repository/xmlpull/xmlpull/1.1.3.1/xmlpull-1.1.3.1.jar:/Users/mostafa.rastegar/.m2/repository/xpp3/xpp3_min/1.1.4c/xpp3_min-1.1.4c.jar:/Users/mostafa.rastegar/.m2/repository/org/springframework/cloud/spring-cloud-starter-config/2.2.6.RELEASE/spring-cloud-starter-config-2.2.6.RELEASE.jar:/Users/mostafa.rastegar/.m2/repository/org/springframework/cloud/spring-cloud-config-client/2.2.6.RELEASE/spring-cloud-config-client-2.2.6.RELEASE.jar:/Users/mostafa.rastegar/.m2/repository/com/fasterxml/jackson/core/jackson-databind/2.11.4/jackson-databind-2.11.4.jar:/Users/mostafa.rastegar/.m2/repository/org/springframework/cloud/spring-cloud-starter-zipkin/2.2.6.RELEASE/spring-cloud-starter-zipkin-2.2.6.RELEASE.jar:/Users/mostafa.rastegar/.m2/repository/org/springframework/cloud/spring-cloud-starter-sleuth/2.2.6.RELEASE/spring-cloud-starter-sleuth-2.2.6.RELEASE.jar:/Users/mostafa.rastegar/.m2/repository/org/springframework/cloud/spring-cloud-sleuth-core/2.2.6.RELEASE/spring-cloud-sleuth-core-2.2.6.RELEASE.jar:/Users/mostafa.rastegar/.m2/repository/org/aspectj/aspectjrt/1.9.6/aspectjrt-1.9.6.jar:/Users/mostafa.rastegar/.m2/repository/io/zipkin/brave/brave/5.12.7/brave-5.12.7.jar:/Users/mostafa.rastegar/.m2/repository/io/zipkin/brave/brave-context-slf4j/5.12.7/brave-context-slf4j-5.12.7.jar:/Users/mostafa.rastegar/.m2/repository/io/zipkin/brave/brave-instrumentation-messaging/5.12.7/brave-instrumentation-messaging-5.12.7.jar:/Users/mostafa.rastegar/.m2/repository/io/zipkin/brave/brave-instrumentation-rpc/5.12.7/brave-instrumentation-rpc-5.12.7.jar:/Users/mostafa.rastegar/.m2/repository/io/zipkin/brave/brave-instrumentation-spring-web/5.12.7/brave-instrumentation-spring-web-5.12.7.jar:/Users/mostafa.rastegar/.m2/repository/io/zipkin/brave/brave-instrumentation-http/5.12.7/brave-instrumentation-http-5.12.7.jar:/Users/mostafa.rastegar/.m2/repository/io/zipkin/brave/brave-instrumentation-spring-rabbit/5.12.7/brave-instrumentation-spring-rabbit-5.12.7.jar:/Users/mostafa.rastegar/.m2/repository/io/zipkin/brave/brave-instrumentation-kafka-clients/5.12.7/brave-instrumentation-kafka-clients-5.12.7.jar:/Users/mostafa.rastegar/.m2/repository/io/zipkin/brave/brave-instrumentation-kafka-streams/5.12.7/brave-instrumentation-kafka-streams-5.12.7.jar:/Users/mostafa.rastegar/.m2/repository/io/zipkin/brave/brave-instrumentation-httpclient/5.12.7/brave-instrumentation-httpclient-5.12.7.jar:/Users/mostafa.rastegar/.m2/repository/io/zipkin/brave/brave-instrumentation-httpasyncclient/5.12.7/brave-instrumentation-httpasyncclient-5.12.7.jar:/Users/mostafa.rastegar/.m2/repository/io/zipkin/brave/brave-instrumentation-spring-webmvc/5.12.7/brave-instrumentation-spring-webmvc-5.12.7.jar:/Users/mostafa.rastegar/.m2/repository/io/zipkin/brave/brave-instrumentation-servlet/5.12.7/brave-instrumentation-servlet-5.12.7.jar:/Users/mostafa.rastegar/.m2/repository/io/zipkin/brave/brave-instrumentation-jms/5.12.7/brave-instrumentation-jms-5.12.7.jar:/Users/mostafa.rastegar/.m2/repository/io/zipkin/reporter2/zipkin-reporter-metrics-micrometer/2.15.2/zipkin-reporter-metrics-micrometer-2.15.2.jar:/Users/mostafa.rastegar/.m2/repository/org/springframework/cloud/spring-cloud-sleuth-zipkin/2.2.6.RELEASE/spring-cloud-sleuth-zipkin-2.2.6.RELEASE.jar:/Users/mostafa.rastegar/.m2/repository/io/zipkin/zipkin2/zipkin/2.21.7/zipkin-2.21.7.jar:/Users/mostafa.rastegar/.m2/repository/io/zipkin/reporter2/zipkin-reporter/2.15.2/zipkin-reporter-2.15.2.jar:/Users/mostafa.rastegar/.m2/repository/io/zipkin/reporter2/zipkin-reporter-brave/2.15.2/zipkin-reporter-brave-2.15.2.jar:/Users/mostafa.rastegar/.m2/repository/io/zipkin/reporter2/zipkin-sender-kafka/2.15.2/zipkin-sender-kafka-2.15.2.jar:/Users/mostafa.rastegar/.m2/repository/io/zipkin/reporter2/zipkin-sender-activemq-client/2.15.2/zipkin-sender-activemq-client-2.15.2.jar:/Users/mostafa.rastegar/.m2/repository/io/zipkin/reporter2/zipkin-sender-amqp-client/2.15.2/zipkin-sender-amqp-client-2.15.2.jar:/Users/mostafa.rastegar/.m2/repository/net/logstash/logback/logstash-logback-encoder/6.6/logstash-logback-encoder-6.6.jar:"/>
    <property name="java.vm.vendor" value="Oracle Corporation"/>
    <property name="sun.arch.data.model" value="64"/>
    <property name="java.vendor.url" value="https://openjdk.java.net/"/>
    <property name="user.timezone" value=""/>
    <property name="java.vm.specification.version" value="11"/>
    <property name="os.name" value="Mac OS X"/>
    <property name="sun.java.launcher" value="SUN_STANDARD"/>
    <property name="user.country" value="NL"/>
    <property name="sun.boot.library.path" value="/Library/Java/JavaVirtualMachines/jdk-11.0.10.jdk/Contents/Home/lib"/>
    <property name="sun.java.command" value="/Users/mostafa.rastegar/Desktop/Narges/Mssc-brewery-ws/mssc-beer-inventory-service/target/surefire/surefirebooter5603714052925278439.jar /Users/mostafa.rastegar/Desktop/Narges/Mssc-brewery-ws/mssc-beer-inventory-service/target/surefire 2021-01-29T15-02-03_361-jvmRun1 surefire17266171564942954553tmp surefire_013486655929721497347tmp"/>
    <property name="jdk.debug" value="release"/>
    <property name="surefire.test.class.path" value="/Users/mostafa.rastegar/Desktop/Narges/Mssc-brewery-ws/mssc-beer-inventory-service/target/test-classes:/Users/mostafa.rastegar/Desktop/Narges/Mssc-brewery-ws/mssc-beer-inventory-service/target/classes:/Users/mostafa.rastegar/.m2/repository/org/springframework/boot/spring-boot-starter-artemis/2.3.8.RELEASE/spring-boot-starter-artemis-2.3.8.RELEASE.jar:/Users/mostafa.rastegar/.m2/repository/org/springframework/boot/spring-boot-starter/2.3.8.RELEASE/spring-boot-starter-2.3.8.RELEASE.jar:/Users/mostafa.rastegar/.m2/repository/org/springframework/boot/spring-boot-starter-logging/2.3.8.RELEASE/spring-boot-starter-logging-2.3.8.RELEASE.jar:/Users/mostafa.rastegar/.m2/repository/ch/qos/logback/logback-classic/1.2.3/logback-classic-1.2.3.jar:/Users/mostafa.rastegar/.m2/repository/ch/qos/logback/logback-core/1.2.3/logback-core-1.2.3.jar:/Users/mostafa.rastegar/.m2/repository/org/apache/logging/log4j/log4j-to-slf4j/2.13.3/log4j-to-slf4j-2.13.3.jar:/Users/mostafa.rastegar/.m2/repository/org/apache/logging/log4j/log4j-api/2.13.3/log4j-api-2.13.3.jar:/Users/mostafa.rastegar/.m2/repository/org/slf4j/jul-to-slf4j/1.7.30/jul-to-slf4j-1.7.30.jar:/Users/mostafa.rastegar/.m2/repository/jakarta/annotation/jakarta.annotation-api/1.3.5/jakarta.annotation-api-1.3.5.jar:/Users/mostafa.rastegar/.m2/repository/org/yaml/snakeyaml/1.26/snakeyaml-1.26.jar:/Users/mostafa.rastegar/.m2/repository/jakarta/jms/jakarta.jms-api/2.0.3/jakarta.jms-api-2.0.3.jar:/Users/mostafa.rastegar/.m2/repository/jakarta/json/jakarta.json-api/1.1.6/jakarta.json-api-1.1.6.jar:/Users/mostafa.rastegar/.m2/repository/org/springframework/spring-jms/5.2.12.RELEASE/spring-jms-5.2.12.RELEASE.jar:/Users/mostafa.rastegar/.m2/repository/org/springframework/spring-beans/5.2.12.RELEASE/spring-beans-5.2.12.RELEASE.jar:/Users/mostafa.rastegar/.m2/repository/org/springframework/spring-messaging/5.2.12.RELEASE/spring-messaging-5.2.12.RELEASE.jar:/Users/mostafa.rastegar/.m2/repository/org/springframework/spring-tx/5.2.12.RELEASE/spring-tx-5.2.12.RELEASE.jar:/Users/mostafa.rastegar/.m2/repository/org/apache/activemq/artemis-jms-client/2.12.0/artemis-jms-client-2.12.0.jar:/Users/mostafa.rastegar/.m2/repository/org/apache/activemq/artemis-core-client/2.12.0/artemis-core-client-2.12.0.jar:/Users/mostafa.rastegar/.m2/repository/org/jgroups/jgroups/3.6.13.Final/jgroups-3.6.13.Final.jar:/Users/mostafa.rastegar/.m2/repository/org/apache/johnzon/johnzon-core/1.2.9/johnzon-core-1.2.9.jar:/Users/mostafa.rastegar/.m2/repository/io/netty/netty-transport-native-epoll/4.1.58.Final/netty-transport-native-epoll-4.1.58.Final-linux-x86_64.jar:/Users/mostafa.rastegar/.m2/repository/io/netty/netty-transport-native-unix-common/4.1.58.Final/netty-transport-native-unix-common-4.1.58.Final.jar:/Users/mostafa.rastegar/.m2/repository/io/netty/netty-transport-native-kqueue/4.1.58.Final/netty-transport-native-kqueue-4.1.58.Final-osx-x86_64.jar:/Users/mostafa.rastegar/.m2/repository/io/netty/netty-codec-http/4.1.58.Final/netty-codec-http-4.1.58.Final.jar:/Users/mostafa.rastegar/.m2/repository/io/netty/netty-buffer/4.1.58.Final/netty-buffer-4.1.58.Final.jar:/Users/mostafa.rastegar/.m2/repository/io/netty/netty-transport/4.1.58.Final/netty-transport-4.1.58.Final.jar:/Users/mostafa.rastegar/.m2/repository/io/netty/netty-resolver/4.1.58.Final/netty-resolver-4.1.58.Final.jar:/Users/mostafa.rastegar/.m2/repository/io/netty/netty-handler/4.1.58.Final/netty-handler-4.1.58.Final.jar:/Users/mostafa.rastegar/.m2/repository/io/netty/netty-handler-proxy/4.1.58.Final/netty-handler-proxy-4.1.58.Final.jar:/Users/mostafa.rastegar/.m2/repository/io/netty/netty-codec/4.1.58.Final/netty-codec-4.1.58.Final.jar:/Users/mostafa.rastegar/.m2/repository/io/netty/netty-codec-socks/4.1.58.Final/netty-codec-socks-4.1.58.Final.jar:/Users/mostafa.rastegar/.m2/repository/io/netty/netty-common/4.1.58.Final/netty-common-4.1.58.Final.jar:/Users/mostafa.rastegar/.m2/repository/org/apache/activemq/artemis-commons/2.12.0/artemis-commons-2.12.0.jar:/Users/mostafa.rastegar/.m2/repository/commons-beanutils/commons-beanutils/1.9.4/commons-beanutils-1.9.4.jar:/Users/mostafa.rastegar/.m2/repository/org/apache/activemq/artemis-selector/2.12.0/artemis-selector-2.12.0.jar:/Users/mostafa.rastegar/.m2/repository/org/springframework/boot/spring-boot-starter-actuator/2.3.8.RELEASE/spring-boot-starter-actuator-2.3.8.RELEASE.jar:/Users/mostafa.rastegar/.m2/repository/org/springframework/boot/spring-boot-actuator-autoconfigure/2.3.8.RELEASE/spring-boot-actuator-autoconfigure-2.3.8.RELEASE.jar:/Users/mostafa.rastegar/.m2/repository/org/springframework/boot/spring-boot-actuator/2.3.8.RELEASE/spring-boot-actuator-2.3.8.RELEASE.jar:/Users/mostafa.rastegar/.m2/repository/com/fasterxml/jackson/datatype/jackson-datatype-jsr310/2.11.4/jackson-datatype-jsr310-2.11.4.jar:/Users/mostafa.rastegar/.m2/repository/io/micrometer/micrometer-core/1.5.10/micrometer-core-1.5.10.jar:/Users/mostafa.rastegar/.m2/repository/org/hdrhistogram/HdrHistogram/2.1.12/HdrHistogram-2.1.12.jar:/Users/mostafa.rastegar/.m2/repository/org/latencyutils/LatencyUtils/2.0.3/LatencyUtils-2.0.3.jar:/Users/mostafa.rastegar/.m2/repository/org/springframework/boot/spring-boot-starter-validation/2.3.8.RELEASE/spring-boot-starter-validation-2.3.8.RELEASE.jar:/Users/mostafa.rastegar/.m2/repository/org/glassfish/jakarta.el/3.0.3/jakarta.el-3.0.3.jar:/Users/mostafa.rastegar/.m2/repository/org/hibernate/validator/hibernate-validator/6.1.7.Final/hibernate-validator-6.1.7.Final.jar:/Users/mostafa.rastegar/.m2/repository/jakarta/validation/jakarta.validation-api/2.0.2/jakarta.validation-api-2.0.2.jar:/Users/mostafa.rastegar/.m2/repository/org/jboss/logging/jboss-logging/3.4.1.Final/jboss-logging-3.4.1.Final.jar:/Users/mostafa.rastegar/.m2/repository/com/fasterxml/classmate/1.5.1/classmate-1.5.1.jar:/Users/mostafa.rastegar/.m2/repository/org/springframework/boot/spring-boot-starter-data-jpa/2.3.8.RELEASE/spring-boot-starter-data-jpa-2.3.8.RELEASE.jar:/Users/mostafa.rastegar/.m2/repository/org/springframework/boot/spring-boot-starter-aop/2.3.8.RELEASE/spring-boot-starter-aop-2.3.8.RELEASE.jar:/Users/mostafa.rastegar/.m2/repository/org/springframework/spring-aop/5.2.12.RELEASE/spring-aop-5.2.12.RELEASE.jar:/Users/mostafa.rastegar/.m2/repository/org/aspectj/aspectjweaver/1.9.6/aspectjweaver-1.9.6.jar:/Users/mostafa.rastegar/.m2/repository/org/springframework/boot/spring-boot-starter-jdbc/2.3.8.RELEASE/spring-boot-starter-jdbc-2.3.8.RELEASE.jar:/Users/mostafa.rastegar/.m2/repository/com/zaxxer/HikariCP/3.4.5/HikariCP-3.4.5.jar:/Users/mostafa.rastegar/.m2/repository/org/springframework/spring-jdbc/5.2.12.RELEASE/spring-jdbc-5.2.12.RELEASE.jar:/Users/mostafa.rastegar/.m2/repository/jakarta/transaction/jakarta.transaction-api/1.3.3/jakarta.transaction-api-1.3.3.jar:/Users/mostafa.rastegar/.m2/repository/jakarta/persistence/jakarta.persistence-api/2.2.3/jakarta.persistence-api-2.2.3.jar:/Users/mostafa.rastegar/.m2/repository/org/hibernate/hibernate-core/5.4.27.Final/hibernate-core-5.4.27.Final.jar:/Users/mostafa.rastegar/.m2/repository/org/javassist/javassist/3.27.0-GA/javassist-3.27.0-GA.jar:/Users/mostafa.rastegar/.m2/repository/net/bytebuddy/byte-buddy/1.10.19/byte-buddy-1.10.19.jar:/Users/mostafa.rastegar/.m2/repository/antlr/antlr/2.7.7/antlr-2.7.7.jar:/Users/mostafa.rastegar/.m2/repository/org/jboss/jandex/2.1.3.Final/jandex-2.1.3.Final.jar:/Users/mostafa.rastegar/.m2/repository/org/dom4j/dom4j/2.1.3/dom4j-2.1.3.jar:/Users/mostafa.rastegar/.m2/repository/org/hibernate/common/hibernate-commons-annotations/5.1.2.Final/hibernate-commons-annotations-5.1.2.Final.jar:/Users/mostafa.rastegar/.m2/repository/org/glassfish/jaxb/jaxb-runtime/2.3.3/jaxb-runtime-2.3.3.jar:/Users/mostafa.rastegar/.m2/repository/org/glassfish/jaxb/txw2/2.3.3/txw2-2.3.3.jar:/Users/mostafa.rastegar/.m2/repository/com/sun/istack/istack-commons-runtime/3.0.11/istack-commons-runtime-3.0.11.jar:/Users/mostafa.rastegar/.m2/repository/com/sun/activation/jakarta.activation/1.2.2/jakarta.activation-1.2.2.jar:/Users/mostafa.rastegar/.m2/repository/org/springframework/data/spring-data-jpa/2.3.6.RELEASE/spring-data-jpa-2.3.6.RELEASE.jar:/Users/mostafa.rastegar/.m2/repository/org/springframework/data/spring-data-commons/2.3.6.RELEASE/spring-data-commons-2.3.6.RELEASE.jar:/Users/mostafa.rastegar/.m2/repository/org/springframework/spring-orm/5.2.12.RELEASE/spring-orm-5.2.12.RELEASE.jar:/Users/mostafa.rastegar/.m2/repository/org/springframework/spring-context/5.2.12.RELEASE/spring-context-5.2.12.RELEASE.jar:/Users/mostafa.rastegar/.m2/repository/org/slf4j/slf4j-api/1.7.30/slf4j-api-1.7.30.jar:/Users/mostafa.rastegar/.m2/repository/org/springframework/spring-aspects/5.2.12.RELEASE/spring-aspects-5.2.12.RELEASE.jar:/Users/mostafa.rastegar/.m2/repository/com/h2database/h2/1.4.200/h2-1.4.200.jar:/Users/mostafa.rastegar/.m2/repository/mysql/mysql-connector-java/8.0.22/mysql-connector-java-8.0.22.jar:/Users/mostafa.rastegar/.m2/repository/org/springframework/boot/spring-boot-starter-web/2.3.8.RELEASE/spring-boot-starter-web-2.3.8.RELEASE.jar:/Users/mostafa.rastegar/.m2/repository/org/springframework/boot/spring-boot-starter-json/2.3.8.RELEASE/spring-boot-starter-json-2.3.8.RELEASE.jar:/Users/mostafa.rastegar/.m2/repository/com/fasterxml/jackson/datatype/jackson-datatype-jdk8/2.11.4/jackson-datatype-jdk8-2.11.4.jar:/Users/mostafa.rastegar/.m2/repository/com/fasterxml/jackson/module/jackson-module-parameter-names/2.11.4/jackson-module-parameter-names-2.11.4.jar:/Users/mostafa.rastegar/.m2/repository/org/springframework/boot/spring-boot-starter-tomcat/2.3.8.RELEASE/spring-boot-starter-tomcat-2.3.8.RELEASE.jar:/Users/mostafa.rastegar/.m2/repository/org/apache/tomcat/embed/tomcat-embed-core/9.0.41/tomcat-embed-core-9.0.41.jar:/Users/mostafa.rastegar/.m2/repository/org/apache/tomcat/embed/tomcat-embed-websocket/9.0.41/tomcat-embed-websocket-9.0.41.jar:/Users/mostafa.rastegar/.m2/repository/org/springframework/spring-web/5.2.12.RELEASE/spring-web-5.2.12.RELEASE.jar:/Users/mostafa.rastegar/.m2/repository/org/springframework/spring-webmvc/5.2.12.RELEASE/spring-webmvc-5.2.12.RELEASE.jar:/Users/mostafa.rastegar/.m2/repository/org/springframework/spring-expression/5.2.12.RELEASE/spring-expression-5.2.12.RELEASE.jar:/Users/mostafa.rastegar/.m2/repository/org/springframework/boot/spring-boot-devtools/2.3.8.RELEASE/spring-boot-devtools-2.3.8.RELEASE.jar:/Users/mostafa.rastegar/.m2/repository/org/springframework/boot/spring-boot/2.3.8.RELEASE/spring-boot-2.3.8.RELEASE.jar:/Users/mostafa.rastegar/.m2/repository/org/springframework/boot/spring-boot-autoconfigure/2.3.8.RELEASE/spring-boot-autoconfigure-2.3.8.RELEASE.jar:/Users/mostafa.rastegar/.m2/repository/org/projectlombok/lombok/1.18.16/lombok-1.18.16.jar:/Users/mostafa.rastegar/.m2/repository/org/mapstruct/mapstruct/1.4.1.Final/mapstruct-1.4.1.Final.jar:/Users/mostafa.rastegar/.m2/repository/org/springframework/boot/spring-boot-starter-test/2.3.8.RELEASE/spring-boot-starter-test-2.3.8.RELEASE.jar:/Users/mostafa.rastegar/.m2/repository/org/springframework/boot/spring-boot-test/2.3.8.RELEASE/spring-boot-test-2.3.8.RELEASE.jar:/Users/mostafa.rastegar/.m2/repository/org/springframework/boot/spring-boot-test-autoconfigure/2.3.8.RELEASE/spring-boot-test-autoconfigure-2.3.8.RELEASE.jar:/Users/mostafa.rastegar/.m2/repository/com/jayway/jsonpath/json-path/2.4.0/json-path-2.4.0.jar:/Users/mostafa.rastegar/.m2/repository/net/minidev/json-smart/2.3/json-smart-2.3.jar:/Users/mostafa.rastegar/.m2/repository/net/minidev/accessors-smart/1.2/accessors-smart-1.2.jar:/Users/mostafa.rastegar/.m2/repository/org/ow2/asm/asm/5.0.4/asm-5.0.4.jar:/Users/mostafa.rastegar/.m2/repository/jakarta/xml/bind/jakarta.xml.bind-api/2.3.3/jakarta.xml.bind-api-2.3.3.jar:/Users/mostafa.rastegar/.m2/repository/jakarta/activation/jakarta.activation-api/1.2.2/jakarta.activation-api-1.2.2.jar:/Users/mostafa.rastegar/.m2/repository/org/assertj/assertj-core/3.16.1/assertj-core-3.16.1.jar:/Users/mostafa.rastegar/.m2/repository/org/hamcrest/hamcrest/2.2/hamcrest-2.2.jar:/Users/mostafa.rastegar/.m2/repository/org/junit/jupiter/junit-jupiter/5.6.3/junit-jupiter-5.6.3.jar:/Users/mostafa.rastegar/.m2/repository/org/junit/jupiter/junit-jupiter-api/5.6.3/junit-jupiter-api-5.6.3.jar:/Users/mostafa.rastegar/.m2/repository/org/apiguardian/apiguardian-api/1.1.0/apiguardian-api-1.1.0.jar:/Users/mostafa.rastegar/.m2/repository/org/opentest4j/opentest4j/1.2.0/opentest4j-1.2.0.jar:/Users/mostafa.rastegar/.m2/repository/org/junit/platform/junit-platform-commons/1.6.3/junit-platform-commons-1.6.3.jar:/Users/mostafa.rastegar/.m2/repository/org/junit/jupiter/junit-jupiter-params/5.6.3/junit-jupiter-params-5.6.3.jar:/Users/mostafa.rastegar/.m2/repository/org/junit/jupiter/junit-jupiter-engine/5.6.3/junit-jupiter-engine-5.6.3.jar:/Users/mostafa.rastegar/.m2/repository/org/junit/platform/junit-platform-engine/1.6.3/junit-platform-engine-1.6.3.jar:/Users/mostafa.rastegar/.m2/repository/org/mockito/mockito-core/3.3.3/mockito-core-3.3.3.jar:/Users/mostafa.rastegar/.m2/repository/net/bytebuddy/byte-buddy-agent/1.10.19/byte-buddy-agent-1.10.19.jar:/Users/mostafa.rastegar/.m2/repository/org/objenesis/objenesis/2.6/objenesis-2.6.jar:/Users/mostafa.rastegar/.m2/repository/org/mockito/mockito-junit-jupiter/3.3.3/mockito-junit-jupiter-3.3.3.jar:/Users/mostafa.rastegar/.m2/repository/org/skyscreamer/jsonassert/1.5.0/jsonassert-1.5.0.jar:/Users/mostafa.rastegar/.m2/repository/com/vaadin/external/google/android-json/0.0.20131108.vaadin1/android-json-0.0.20131108.vaadin1.jar:/Users/mostafa.rastegar/.m2/repository/org/springframework/spring-core/5.2.12.RELEASE/spring-core-5.2.12.RELEASE.jar:/Users/mostafa.rastegar/.m2/repository/org/springframework/spring-jcl/5.2.12.RELEASE/spring-jcl-5.2.12.RELEASE.jar:/Users/mostafa.rastegar/.m2/repository/org/springframework/spring-test/5.2.12.RELEASE/spring-test-5.2.12.RELEASE.jar:/Users/mostafa.rastegar/.m2/repository/org/xmlunit/xmlunit-core/2.7.0/xmlunit-core-2.7.0.jar:/Users/mostafa.rastegar/.m2/repository/org/springframework/cloud/spring-cloud-starter-netflix-eureka-client/2.2.6.RELEASE/spring-cloud-starter-netflix-eureka-client-2.2.6.RELEASE.jar:/Users/mostafa.rastegar/.m2/repository/org/springframework/cloud/spring-cloud-starter/2.2.6.RELEASE/spring-cloud-starter-2.2.6.RELEASE.jar:/Users/mostafa.rastegar/.m2/repository/org/springframework/cloud/spring-cloud-context/2.2.6.RELEASE/spring-cloud-context-2.2.6.RELEASE.jar:/Users/mostafa.rastegar/.m2/repository/org/springframework/security/spring-security-crypto/5.3.6.RELEASE/spring-security-crypto-5.3.6.RELEASE.jar:/Users/mostafa.rastegar/.m2/repository/org/springframework/cloud/spring-cloud-commons/2.2.6.RELEASE/spring-cloud-commons-2.2.6.RELEASE.jar:/Users/mostafa.rastegar/.m2/repository/org/springframework/security/spring-security-rsa/1.0.9.RELEASE/spring-security-rsa-1.0.9.RELEASE.jar:/Users/mostafa.rastegar/.m2/repository/org/bouncycastle/bcpkix-jdk15on/1.64/bcpkix-jdk15on-1.64.jar:/Users/mostafa.rastegar/.m2/repository/org/bouncycastle/bcprov-jdk15on/1.64/bcprov-jdk15on-1.64.jar:/Users/mostafa.rastegar/.m2/repository/org/springframework/cloud/spring-cloud-netflix-hystrix/2.2.6.RELEASE/spring-cloud-netflix-hystrix-2.2.6.RELEASE.jar:/Users/mostafa.rastegar/.m2/repository/org/springframework/cloud/spring-cloud-netflix-eureka-client/2.2.6.RELEASE/spring-cloud-netflix-eureka-client-2.2.6.RELEASE.jar:/Users/mostafa.rastegar/.m2/repository/com/netflix/eureka/eureka-client/1.10.7/eureka-client-1.10.7.jar:/Users/mostafa.rastegar/.m2/repository/com/netflix/netflix-commons/netflix-eventbus/0.3.0/netflix-eventbus-0.3.0.jar:/Users/mostafa.rastegar/.m2/repository/com/netflix/netflix-commons/netflix-infix/0.3.0/netflix-infix-0.3.0.jar:/Users/mostafa.rastegar/.m2/repository/commons-jxpath/commons-jxpath/1.3/commons-jxpath-1.3.jar:/Users/mostafa.rastegar/.m2/repository/joda-time/joda-time/2.3/joda-time-2.3.jar:/Users/mostafa.rastegar/.m2/repository/org/antlr/antlr-runtime/3.4/antlr-runtime-3.4.jar:/Users/mostafa.rastegar/.m2/repository/org/antlr/stringtemplate/3.2.1/stringtemplate-3.2.1.jar:/Users/mostafa.rastegar/.m2/repository/com/google/code/gson/gson/2.8.6/gson-2.8.6.jar:/Users/mostafa.rastegar/.m2/repository/org/apache/commons/commons-math/2.2/commons-math-2.2.jar:/Users/mostafa.rastegar/.m2/repository/com/netflix/archaius/archaius-core/0.7.6/archaius-core-0.7.6.jar:/Users/mostafa.rastegar/.m2/repository/com/google/guava/guava/29.0-jre/guava-29.0-jre.jar:/Users/mostafa.rastegar/.m2/repository/com/google/guava/failureaccess/1.0.1/failureaccess-1.0.1.jar:/Users/mostafa.rastegar/.m2/repository/com/google/guava/listenablefuture/9999.0-empty-to-avoid-conflict-with-guava/listenablefuture-9999.0-empty-to-avoid-conflict-with-guava.jar:/Users/mostafa.rastegar/.m2/repository/org/checkerframework/checker-qual/2.11.1/checker-qual-2.11.1.jar:/Users/mostafa.rastegar/.m2/repository/com/google/errorprone/error_prone_annotations/2.3.4/error_prone_annotations-2.3.4.jar:/Users/mostafa.rastegar/.m2/repository/com/google/j2objc/j2objc-annotations/1.3/j2objc-annotations-1.3.jar:/Users/mostafa.rastegar/.m2/repository/javax/ws/rs/jsr311-api/1.1.1/jsr311-api-1.1.1.jar:/Users/mostafa.rastegar/.m2/repository/com/netflix/servo/servo-core/0.12.21/servo-core-0.12.21.jar:/Users/mostafa.rastegar/.m2/repository/com/sun/jersey/jersey-core/1.19.1/jersey-core-1.19.1.jar:/Users/mostafa.rastegar/.m2/repository/com/sun/jersey/jersey-client/1.19.1/jersey-client-1.19.1.jar:/Users/mostafa.rastegar/.m2/repository/com/sun/jersey/contribs/jersey-apache-client4/1.19.1/jersey-apache-client4-1.19.1.jar:/Users/mostafa.rastegar/.m2/repository/org/apache/httpcomponents/httpclient/4.5.13/httpclient-4.5.13.jar:/Users/mostafa.rastegar/.m2/repository/org/apache/httpcomponents/httpcore/4.4.14/httpcore-4.4.14.jar:/Users/mostafa.rastegar/.m2/repository/commons-codec/commons-codec/1.14/commons-codec-1.14.jar:/Users/mostafa.rastegar/.m2/repository/commons-configuration/commons-configuration/1.10/commons-configuration-1.10.jar:/Users/mostafa.rastegar/.m2/repository/commons-lang/commons-lang/2.6/commons-lang-2.6.jar:/Users/mostafa.rastegar/.m2/repository/com/google/inject/guice/4.1.0/guice-4.1.0.jar:/Users/mostafa.rastegar/.m2/repository/javax/inject/javax.inject/1/javax.inject-1.jar:/Users/mostafa.rastegar/.m2/repository/aopalliance/aopalliance/1.0/aopalliance-1.0.jar:/Users/mostafa.rastegar/.m2/repository/com/fasterxml/jackson/core/jackson-annotations/2.11.4/jackson-annotations-2.11.4.jar:/Users/mostafa.rastegar/.m2/repository/com/fasterxml/jackson/core/jackson-core/2.11.4/jackson-core-2.11.4.jar:/Users/mostafa.rastegar/.m2/repository/org/codehaus/jettison/jettison/1.3.7/jettison-1.3.7.jar:/Users/mostafa.rastegar/.m2/repository/stax/stax-api/1.0.1/stax-api-1.0.1.jar:/Users/mostafa.rastegar/.m2/repository/com/netflix/eureka/eureka-core/1.10.7/eureka-core-1.10.7.jar:/Users/mostafa.rastegar/.m2/repository/com/fasterxml/woodstox/woodstox-core/5.3.0/woodstox-core-5.3.0.jar:/Users/mostafa.rastegar/.m2/repository/org/codehaus/woodstox/stax2-api/4.2/stax2-api-4.2.jar:/Users/mostafa.rastegar/.m2/repository/org/springframework/cloud/spring-cloud-starter-netflix-archaius/2.2.6.RELEASE/spring-cloud-starter-netflix-archaius-2.2.6.RELEASE.jar:/Users/mostafa.rastegar/.m2/repository/org/springframework/cloud/spring-cloud-netflix-ribbon/2.2.6.RELEASE/spring-cloud-netflix-ribbon-2.2.6.RELEASE.jar:/Users/mostafa.rastegar/.m2/repository/org/springframework/cloud/spring-cloud-netflix-archaius/2.2.6.RELEASE/spring-cloud-netflix-archaius-2.2.6.RELEASE.jar:/Users/mostafa.rastegar/.m2/repository/org/springframework/cloud/spring-cloud-starter-netflix-ribbon/2.2.6.RELEASE/spring-cloud-starter-netflix-ribbon-2.2.6.RELEASE.jar:/Users/mostafa.rastegar/.m2/repository/com/netflix/ribbon/ribbon/2.3.0/ribbon-2.3.0.jar:/Users/mostafa.rastegar/.m2/repository/com/netflix/ribbon/ribbon-transport/2.3.0/ribbon-transport-2.3.0.jar:/Users/mostafa.rastegar/.m2/repository/io/reactivex/rxnetty-contexts/0.4.9/rxnetty-contexts-0.4.9.jar:/Users/mostafa.rastegar/.m2/repository/io/reactivex/rxnetty-servo/0.4.9/rxnetty-servo-0.4.9.jar:/Users/mostafa.rastegar/.m2/repository/com/netflix/hystrix/hystrix-core/1.5.18/hystrix-core-1.5.18.jar:/Users/mostafa.rastegar/.m2/repository/io/reactivex/rxnetty/0.4.9/rxnetty-0.4.9.jar:/Users/mostafa.rastegar/.m2/repository/com/netflix/ribbon/ribbon-core/2.3.0/ribbon-core-2.3.0.jar:/Users/mostafa.rastegar/.m2/repository/com/netflix/ribbon/ribbon-httpclient/2.3.0/ribbon-httpclient-2.3.0.jar:/Users/mostafa.rastegar/.m2/repository/commons-collections/commons-collections/3.2.2/commons-collections-3.2.2.jar:/Users/mostafa.rastegar/.m2/repository/com/netflix/netflix-commons/netflix-commons-util/0.3.0/netflix-commons-util-0.3.0.jar:/Users/mostafa.rastegar/.m2/repository/com/netflix/ribbon/ribbon-loadbalancer/2.3.0/ribbon-loadbalancer-2.3.0.jar:/Users/mostafa.rastegar/.m2/repository/com/netflix/netflix-commons/netflix-statistics/0.1.1/netflix-statistics-0.1.1.jar:/Users/mostafa.rastegar/.m2/repository/io/reactivex/rxjava/1.3.8/rxjava-1.3.8.jar:/Users/mostafa.rastegar/.m2/repository/org/springframework/cloud/spring-cloud-starter-loadbalancer/2.2.6.RELEASE/spring-cloud-starter-loadbalancer-2.2.6.RELEASE.jar:/Users/mostafa.rastegar/.m2/repository/org/springframework/cloud/spring-cloud-loadbalancer/2.2.6.RELEASE/spring-cloud-loadbalancer-2.2.6.RELEASE.jar:/Users/mostafa.rastegar/.m2/repository/io/projectreactor/reactor-core/3.3.13.RELEASE/reactor-core-3.3.13.RELEASE.jar:/Users/mostafa.rastegar/.m2/repository/org/reactivestreams/reactive-streams/1.0.3/reactive-streams-1.0.3.jar:/Users/mostafa.rastegar/.m2/repository/io/projectreactor/addons/reactor-extra/3.3.5.RELEASE/reactor-extra-3.3.5.RELEASE.jar:/Users/mostafa.rastegar/.m2/repository/org/springframework/boot/spring-boot-starter-cache/2.3.8.RELEASE/spring-boot-starter-cache-2.3.8.RELEASE.jar:/Users/mostafa.rastegar/.m2/repository/org/springframework/spring-context-support/5.2.12.RELEASE/spring-context-support-5.2.12.RELEASE.jar:/Users/mostafa.rastegar/.m2/repository/com/stoyanr/evictor/1.0.0/evictor-1.0.0.jar:/Users/mostafa.rastegar/.m2/repository/com/netflix/ribbon/ribbon-eureka/2.3.0/ribbon-eureka-2.3.0.jar:/Users/mostafa.rastegar/.m2/repository/com/thoughtworks/xstream/xstream/1.4.13/xstream-1.4.13.jar:/Users/mostafa.rastegar/.m2/repository/xmlpull/xmlpull/1.1.3.1/xmlpull-1.1.3.1.jar:/Users/mostafa.rastegar/.m2/repository/xpp3/xpp3_min/1.1.4c/xpp3_min-1.1.4c.jar:/Users/mostafa.rastegar/.m2/repository/org/springframework/cloud/spring-cloud-starter-config/2.2.6.RELEASE/spring-cloud-starter-config-2.2.6.RELEASE.jar:/Users/mostafa.rastegar/.m2/repository/org/springframework/cloud/spring-cloud-config-client/2.2.6.RELEASE/spring-cloud-config-client-2.2.6.RELEASE.jar:/Users/mostafa.rastegar/.m2/repository/com/fasterxml/jackson/core/jackson-databind/2.11.4/jackson-databind-2.11.4.jar:/Users/mostafa.rastegar/.m2/repository/org/springframework/cloud/spring-cloud-starter-zipkin/2.2.6.RELEASE/spring-cloud-starter-zipkin-2.2.6.RELEASE.jar:/Users/mostafa.rastegar/.m2/repository/org/springframework/cloud/spring-cloud-starter-sleuth/2.2.6.RELEASE/spring-cloud-starter-sleuth-2.2.6.RELEASE.jar:/Users/mostafa.rastegar/.m2/repository/org/springframework/cloud/spring-cloud-sleuth-core/2.2.6.RELEASE/spring-cloud-sleuth-core-2.2.6.RELEASE.jar:/Users/mostafa.rastegar/.m2/repository/org/aspectj/aspectjrt/1.9.6/aspectjrt-1.9.6.jar:/Users/mostafa.rastegar/.m2/repository/io/zipkin/brave/brave/5.12.7/brave-5.12.7.jar:/Users/mostafa.rastegar/.m2/repository/io/zipkin/brave/brave-context-slf4j/5.12.7/brave-context-slf4j-5.12.7.jar:/Users/mostafa.rastegar/.m2/repository/io/zipkin/brave/brave-instrumentation-messaging/5.12.7/brave-instrumentation-messaging-5.12.7.jar:/Users/mostafa.rastegar/.m2/repository/io/zipkin/brave/brave-instrumentation-rpc/5.12.7/brave-instrumentation-rpc-5.12.7.jar:/Users/mostafa.rastegar/.m2/repository/io/zipkin/brave/brave-instrumentation-spring-web/5.12.7/brave-instrumentation-spring-web-5.12.7.jar:/Users/mostafa.rastegar/.m2/repository/io/zipkin/brave/brave-instrumentation-http/5.12.7/brave-instrumentation-http-5.12.7.jar:/Users/mostafa.rastegar/.m2/repository/io/zipkin/brave/brave-instrumentation-spring-rabbit/5.12.7/brave-instrumentation-spring-rabbit-5.12.7.jar:/Users/mostafa.rastegar/.m2/repository/io/zipkin/brave/brave-instrumentation-kafka-clients/5.12.7/brave-instrumentation-kafka-clients-5.12.7.jar:/Users/mostafa.rastegar/.m2/repository/io/zipkin/brave/brave-instrumentation-kafka-streams/5.12.7/brave-instrumentation-kafka-streams-5.12.7.jar:/Users/mostafa.rastegar/.m2/repository/io/zipkin/brave/brave-instrumentation-httpclient/5.12.7/brave-instrumentation-httpclient-5.12.7.jar:/Users/mostafa.rastegar/.m2/repository/io/zipkin/brave/brave-instrumentation-httpasyncclient/5.12.7/brave-instrumentation-httpasyncclient-5.12.7.jar:/Users/mostafa.rastegar/.m2/repository/io/zipkin/brave/brave-instrumentation-spring-webmvc/5.12.7/brave-instrumentation-spring-webmvc-5.12.7.jar:/Users/mostafa.rastegar/.m2/repository/io/zipkin/brave/brave-instrumentation-servlet/5.12.7/brave-instrumentation-servlet-5.12.7.jar:/Users/mostafa.rastegar/.m2/repository/io/zipkin/brave/brave-instrumentation-jms/5.12.7/brave-instrumentation-jms-5.12.7.jar:/Users/mostafa.rastegar/.m2/repository/io/zipkin/reporter2/zipkin-reporter-metrics-micrometer/2.15.2/zipkin-reporter-metrics-micrometer-2.15.2.jar:/Users/mostafa.rastegar/.m2/repository/org/springframework/cloud/spring-cloud-sleuth-zipkin/2.2.6.RELEASE/spring-cloud-sleuth-zipkin-2.2.6.RELEASE.jar:/Users/mostafa.rastegar/.m2/repository/io/zipkin/zipkin2/zipkin/2.21.7/zipkin-2.21.7.jar:/Users/mostafa.rastegar/.m2/repository/io/zipkin/reporter2/zipkin-reporter/2.15.2/zipkin-reporter-2.15.2.jar:/Users/mostafa.rastegar/.m2/repository/io/zipkin/reporter2/zipkin-reporter-brave/2.15.2/zipkin-reporter-brave-2.15.2.jar:/Users/mostafa.rastegar/.m2/repository/io/zipkin/reporter2/zipkin-sender-kafka/2.15.2/zipkin-sender-kafka-2.15.2.jar:/Users/mostafa.rastegar/.m2/repository/io/zipkin/reporter2/zipkin-sender-activemq-client/2.15.2/zipkin-sender-activemq-client-2.15.2.jar:/Users/mostafa.rastegar/.m2/repository/io/zipkin/reporter2/zipkin-sender-amqp-client/2.15.2/zipkin-sender-amqp-client-2.15.2.jar:/Users/mostafa.rastegar/.m2/repository/net/logstash/logback/logstash-logback-encoder/6.6/logstash-logback-encoder-6.6.jar:"/>
    <property name="sun.cpu.endian" value="little"/>
    <property name="user.home" value="/Users/mostafa.rastegar"/>
    <property name="user.language" value="en"/>
    <property name="java.specification.vendor" value="Oracle Corporation"/>
    <property name="java.version.date" value="2021-01-19"/>
    <property name="java.home" value="/Library/Java/JavaVirtualMachines/jdk-11.0.10.jdk/Contents/Home"/>
    <property name="file.separator" value="/"/>
    <property name="basedir" value="/Users/mostafa.rastegar/Desktop/Narges/Mssc-brewery-ws/mssc-beer-inventory-service"/>
    <property name="java.vm.compressedOopsMode" value="Zero based"/>
    <property name="line.separator" value="&#10;"/>
    <property name="java.specification.name" value="Java Platform API Specification"/>
    <property name="java.vm.specification.vendor" value="Oracle Corporation"/>
    <property name="java.awt.graphicsenv" value="sun.awt.CGraphicsEnvironment"/>
    <property name="surefire.real.class.path" value="/Users/mostafa.rastegar/Desktop/Narges/Mssc-brewery-ws/mssc-beer-inventory-service/target/surefire/surefirebooter5603714052925278439.jar"/>
    <property name="sun.management.compiler" value="HotSpot 64-Bit Tiered Compilers"/>
    <property name="java.runtime.version" value="11.0.10+8-LTS-162"/>
    <property name="user.name" value="mostafa.rastegar"/>
    <property name="path.separator" value=":"/>
    <property name="os.version" value="10.16"/>
    <property name="java.runtime.name" value="Java(TM) SE Runtime Environment"/>
    <property name="file.encoding" value="US-ASCII"/>
    <property name="java.vm.name" value="Java HotSpot(TM) 64-Bit Server VM"/>
    <property name="java.vendor.version" value="18.9"/>
    <property name="localRepository" value="/Users/mostafa.rastegar/.m2/repository"/>
    <property name="java.vendor.url.bug" value="https://bugreport.java.com/bugreport/"/>
    <property name="java.io.tmpdir" value="/var/folders/56/w9pfpzyd2_z5p7bcdm9ttwjr0000gn/T/"/>
    <property name="idea.version" value="2020.3.1"/>
    <property name="java.version" value="11.0.10"/>
    <property name="user.dir" value="/Users/mostafa.rastegar/Desktop/Narges/Mssc-brewery-ws/mssc-beer-inventory-service"/>
    <property name="os.arch" value="x86_64"/>
    <property name="java.vm.specification.name" value="Java Virtual Machine Specification"/>
    <property name="java.awt.printerjob" value="sun.lwawt.macosx.CPrinterJob"/>
    <property name="sun.os.patch.level" value="unknown"/>
    <property name="java.library.path" value="/Users/mostafa.rastegar/Library/Java/Extensions:/Library/Java/Extensions:/Network/Library/Java/Extensions:/System/Library/Java/Extensions:/usr/lib/java:."/>
    <property name="java.vendor" value="Oracle Corporation"/>
    <property name="java.vm.info" value="mixed mode"/>
    <property name="java.vm.version" value="11.0.10+8-LTS-162"/>
    <property name="sun.io.unicode.encoding" value="UnicodeBig"/>
    <property name="java.class.version" value="55.0"/>
  </properties>
  <testcase name="contextLoads" classname="guru.sfg.beer.inventory.service.BeerInventoryApplicationTests" time="0.147"/>
</testsuite>